<?xml version="1.0" encoding="UTF-8"?>
<!-- Generated by org.testng.reporters.JUnitXMLReporter -->
<testsuite hostname="vasu-PC" name="Sample" tests="2" failures="1" timestamp="15 Apr 2019 02:55:35 GMT" time="30.873" errors="0">
  <testcase name="emp" time="24.82" classname="com.selenium.testng.EmpReg"/>
  <testcase name="empList" time="0.012" classname="com.selenium.testng.EmpList">
    <failure type="java.lang.NullPointerException">
      <![CDATA[java.lang.NullPointerException
	at com.selenium.testng.EmpList.empList(EmpList.java:15)
... Removed 24 stack frames]]>
    </failure>
  </testcase> <!-- empList -->
</testsuite> <!-- Sample -->
