<?xml version="1.0" encoding="UTF-8"?>
<testng-results skipped="0" failed="1" total="2" passed="1">
  <reporter-output>
  </reporter-output>
  <suite name="VASU" duration-ms="30873" started-at="2019-04-15T02:55:04Z" finished-at="2019-04-15T02:55:35Z">
    <groups>
    </groups>
    <test name="Sample" duration-ms="30873" started-at="2019-04-15T02:55:04Z" finished-at="2019-04-15T02:55:35Z">
      <class name="com.selenium.testng.EmpReg">
        <test-method status="PASS" signature="appLaunch()[pri:0, instance:com.selenium.testng.EmpReg@7f9a81e8]" name="appLaunch" is-config="true" duration-ms="17141" started-at="2019-04-15T08:24:47Z" finished-at="2019-04-15T08:25:04Z">
          <reporter-output>
          </reporter-output>
        </test-method> <!-- appLaunch -->
        <test-method status="PASS" signature="appLogin()[pri:0, instance:com.selenium.testng.EmpReg@7f9a81e8]" name="appLogin" is-config="true" duration-ms="4734" started-at="2019-04-15T08:25:04Z" finished-at="2019-04-15T08:25:08Z">
          <reporter-output>
          </reporter-output>
        </test-method> <!-- appLogin -->
        <test-method status="PASS" signature="emp()[pri:0, instance:com.selenium.testng.EmpReg@7f9a81e8]" name="emp" duration-ms="24820" started-at="2019-04-15T08:25:09Z" finished-at="2019-04-15T08:25:33Z">
          <reporter-output>
          </reporter-output>
        </test-method> <!-- emp -->
        <test-method status="PASS" signature="appLogout()[pri:0, instance:com.selenium.testng.EmpReg@7f9a81e8]" name="appLogout" is-config="true" duration-ms="1223" started-at="2019-04-15T08:25:33Z" finished-at="2019-04-15T08:25:35Z">
          <reporter-output>
          </reporter-output>
        </test-method> <!-- appLogout -->
        <test-method status="PASS" signature="appClose()[pri:0, instance:com.selenium.testng.EmpReg@7f9a81e8]" name="appClose" is-config="true" duration-ms="1322" started-at="2019-04-15T08:25:35Z" finished-at="2019-04-15T08:25:36Z">
          <reporter-output>
          </reporter-output>
        </test-method> <!-- appClose -->
      </class> <!-- com.selenium.testng.EmpReg -->
      <class name="com.selenium.testng.EmpList">
        <test-method status="FAIL" signature="empList()[pri:0, instance:com.selenium.testng.EmpList@9629756]" name="empList" duration-ms="12" started-at="2019-04-15T08:25:33Z" finished-at="2019-04-15T08:25:33Z">
          <exception class="java.lang.NullPointerException">
            <full-stacktrace>
              <![CDATA[java.lang.NullPointerException
	at com.selenium.testng.EmpList.empList(EmpList.java:15)
	at sun.reflect.NativeMethodAccessorImpl.invoke0(Native Method)
	at sun.reflect.NativeMethodAccessorImpl.invoke(NativeMethodAccessorImpl.java:62)
	at sun.reflect.DelegatingMethodAccessorImpl.invoke(DelegatingMethodAccessorImpl.java:43)
	at java.lang.reflect.Method.invoke(Method.java:498)
	at org.testng.internal.MethodInvocationHelper.invokeMethod(MethodInvocationHelper.java:85)
	at org.testng.internal.Invoker.invokeMethod(Invoker.java:639)
	at org.testng.internal.Invoker.invokeTestMethod(Invoker.java:816)
	at org.testng.internal.Invoker.invokeTestMethods(Invoker.java:1124)
	at org.testng.internal.TestMethodWorker.invokeTestMethods(TestMethodWorker.java:125)
	at org.testng.internal.TestMethodWorker.run(TestMethodWorker.java:108)
	at org.testng.TestRunner.privateRun(TestRunner.java:774)
	at org.testng.TestRunner.run(TestRunner.java:624)
	at org.testng.SuiteRunner.runTest(SuiteRunner.java:359)
	at org.testng.SuiteRunner.runSequentially(SuiteRunner.java:354)
	at org.testng.SuiteRunner.privateRun(SuiteRunner.java:312)
	at org.testng.SuiteRunner.run(SuiteRunner.java:261)
	at org.testng.SuiteRunnerWorker.runSuite(SuiteRunnerWorker.java:52)
	at org.testng.SuiteRunnerWorker.run(SuiteRunnerWorker.java:86)
	at org.testng.TestNG.runSuitesSequentially(TestNG.java:1215)
	at org.testng.TestNG.runSuitesLocally(TestNG.java:1140)
	at org.testng.TestNG.run(TestNG.java:1048)
	at org.testng.remote.AbstractRemoteTestNG.run(AbstractRemoteTestNG.java:114)
	at org.testng.remote.RemoteTestNG.initAndRun(RemoteTestNG.java:251)
	at org.testng.remote.RemoteTestNG.main(RemoteTestNG.java:77)
]]>
            </full-stacktrace>
          </exception> <!-- java.lang.NullPointerException -->
          <reporter-output>
          </reporter-output>
        </test-method> <!-- empList -->
      </class> <!-- com.selenium.testng.EmpList -->
    </test> <!-- Sample -->
  </suite> <!-- VASU -->
</testng-results>
